<?xml version="1.0" encoding="UTF-8"?>
<!-- Generated by org.testng.reporters.JUnitXMLReporter -->
<testsuite hostname="PSNGI3228" name="Test on chrome" tests="4" failures="0" timestamp="29 Feb 2016 14:20:17 GMT" time="0.805" errors="0">
  <testcase name="@BeforeClass setup" time="0.0" classname="com.main.testcases.Workflow1">
    <failure type="org.openqa.selenium.UnsupportedCommandException" message="&amp;lt;!DOCTYPE HTML PUBLIC &amp;quot;-//IETF//DTD HTML 2.0//EN&amp;quot;&amp;gt;
&amp;lt;html&amp;gt;&amp;lt;head&amp;gt;
&amp;lt;title&amp;gt;404 Not Found&amp;lt;/title&amp;gt;
&amp;lt;/head&amp;gt;&amp;lt;body&amp;gt;
&amp;lt;h1&amp;gt;Not Found&amp;lt;/h1&amp;gt;
&amp;lt;p&amp;gt;The requested URL /wd/hub/session was not found on this server.&amp;lt;/p&amp;gt;
&amp;lt;/body&amp;gt;&amp;lt;/html&amp;gt;
Command duration or timeout: 272 milliseconds
Build info: version: &amp;apos;2.52.0&amp;apos;, revision: &amp;apos;4c2593cfc3689a7fcd7be52549167e5ccc93ad28&amp;apos;, time: &amp;apos;2016-02-11 11:22:43&amp;apos;
System info: host: &amp;apos;PSNGI3228&amp;apos;, ip: &amp;apos;10.222.35.190&amp;apos;, os.name: &amp;apos;Windows 7&amp;apos;, os.arch: &amp;apos;x86&amp;apos;, os.version: &amp;apos;6.1&amp;apos;, java.version: &amp;apos;1.8.0_31&amp;apos;
Driver info: org.openqa.selenium.remote.RemoteWebDriver">
      <![CDATA[org.openqa.selenium.UnsupportedCommandException: <!DOCTYPE HTML PUBLIC "-//IETF//DTD HTML 2.0//EN">
<html><head>
<title>404 Not Found</title>
</head><body>
<h1>Not Found</h1>
<p>The requested URL /wd/hub/session was not found on this server.</p>
</body></html>
Command duration or timeout: 272 milliseconds
Build info: version: '2.52.0', revision: '4c2593cfc3689a7fcd7be52549167e5ccc93ad28', time: '2016-02-11 11:22:43'
System info: host: 'PSNGI3228', ip: '10.222.35.190', os.name: 'Windows 7', os.arch: 'x86', os.version: '6.1', java.version: '1.8.0_31'
Driver info: org.openqa.selenium.remote.RemoteWebDriver
	at org.openqa.selenium.remote.ErrorHandler.createThrowable(ErrorHandler.java:206)
	at org.openqa.selenium.remote.ErrorHandler.throwIfResponseFailed(ErrorHandler.java:158)
	at org.openqa.selenium.remote.RemoteWebDriver.execute(RemoteWebDriver.java:678)
	at org.openqa.selenium.remote.RemoteWebDriver.startSession(RemoteWebDriver.java:249)
	at org.openqa.selenium.remote.RemoteWebDriver.<init>(RemoteWebDriver.java:131)
	at org.openqa.selenium.remote.RemoteWebDriver.<init>(RemoteWebDriver.java:158)
	at com.main.pof.GenericFunctions.setup(GenericFunctions.java:53)
	at java.util.concurrent.FutureTask.run(Unknown Source)
	at java.util.concurrent.ThreadPoolExecutor.runWorker(Unknown Source)
	at java.util.concurrent.ThreadPoolExecutor$Worker.run(Unknown Source)
	at java.lang.Thread.run(Unknown Source)
... Removed 20 stack frames]]>
    </failure>
  </testcase> <!-- @BeforeClass setup -->
  <testcase name="@AfterMethod takeScreenShotOnFailure" time="0.0" classname="com.main.testcases.Workflow1">
    <skipped/>
  </testcase> <!-- @AfterMethod takeScreenShotOnFailure -->
  <testcase name="@AfterMethod takeScreenShotOnFailure" time="0.0" classname="com.main.testcases.Workflow1">
    <skipped/>
  </testcase> <!-- @AfterMethod takeScreenShotOnFailure -->
  <testcase name="@AfterMethod takeScreenShotOnFailure" time="0.0" classname="com.main.testcases.Workflow1">
    <skipped/>
  </testcase> <!-- @AfterMethod takeScreenShotOnFailure -->
  <testcase name="@AfterMethod takeScreenShotOnFailure" time="0.0" classname="com.main.testcases.Workflow1">
    <skipped/>
  </testcase> <!-- @AfterMethod takeScreenShotOnFailure -->
  <testcase name="@AfterClass tearDown" time="0.0" classname="com.main.testcases.Workflow1">
    <skipped/>
  </testcase> <!-- @AfterClass tearDown -->
  <testcase name="testLoginSuccess" time="0.001" classname="com.main.testcases.Workflow1">
    <skipped/>
  </testcase> <!-- testLoginSuccess -->
  <testcase name="createNewPost" time="0.001" classname="com.main.testcases.Workflow1">
    <skipped/>
  </testcase> <!-- createNewPost -->
  <testcase name="searchPostOnUI" time="0.001" classname="com.main.testcases.Workflow1">
    <skipped/>
  </testcase> <!-- searchPostOnUI -->
  <testcase name="addSearchDeletePost" time="0.001" classname="com.main.testcases.Workflow1">
    <skipped/>
  </testcase> <!-- addSearchDeletePost -->
</testsuite> <!-- Test on chrome -->
